2025-06-09 23:07:38,692 - INFO - [MAIN] メインプロセス開始
2025-06-09 23:07:38,699 - INFO - [MAIN] アプリケーション開始
2025-06-09 23:07:38,699 - INFO - [MAIN] Homework Helper 初期化中...
2025-06-09 23:07:38,700 - INFO - [QUESTION] Detector 初期化完了
2025-06-09 23:07:38,701 - INFO - [AI] Tutor 初期化中...
2025-06-09 23:07:38,702 - INFO - [MODEL] Manager 初期化中...
2025-06-09 23:07:38,702 - INFO - [GPU] Manager 初期化完了 - 総VRAM: 16384MB
2025-06-09 23:07:38,704 - INFO - [MODEL] Manager 初期化完了
2025-06-09 23:07:38,705 - INFO - [OCR] Processor 初期化中...
2025-06-09 23:07:42,077 - INFO - [OCR] EasyOCR 初期化完了
2025-06-09 23:07:42,078 - INFO - [AI] Tutor 初期化完了
2025-06-09 23:07:42,079 - INFO - [VOICE] Generator 初期化完了
2025-06-09 23:07:42,080 - INFO - [VR] Communicator 初期化完了
2025-06-09 23:07:42,081 - INFO - [DISCORD] Bot 初期化完了
2025-06-09 23:07:42,082 - INFO - [MAIN] Homework Helper 初期化完了
2025-06-09 23:07:42,083 - INFO - [MAIN] Homework Helper 実行開始
2025-06-09 23:07:42,083 - INFO - [CAMERA] カメラ起動中...
2025-06-09 23:07:43,503 - INFO - [CAMERA] カメラ起動完了
2025-06-09 23:07:43,532 - INFO - [QUESTION] 疑問符検出開始
2025-06-09 23:07:43,533 - INFO - [OCR] Processor 初期化中...
2025-06-09 23:07:47,112 - INFO - [OCR] EasyOCR 初期化完了
2025-06-09 23:07:47,113 - INFO - [OCR] 処理開始
2025-06-09 23:07:47,801 - INFO - [OCR] 処理完了 - 0個のテキストブロック検出
2025-06-09 23:07:47,802 - INFO - [QUESTION] 疑問符検出完了 - 0個検出
2025-06-09 23:07:47,907 - INFO - [QUESTION] 疑問符検出開始
2025-06-09 23:07:47,908 - INFO - [OCR] Processor 初期化中...
2025-06-09 23:07:51,687 - INFO - [OCR] EasyOCR 初期化完了
2025-06-09 23:07:51,687 - INFO - [OCR] 処理開始
2025-06-09 23:07:51,888 - INFO - [OCR] 処理完了 - 0個のテキストブロック検出
2025-06-09 23:07:51,888 - INFO - [QUESTION] 疑問符検出完了 - 0個検出
2025-06-09 23:07:51,994 - INFO - [QUESTION] 疑問符検出開始
2025-06-09 23:07:51,996 - INFO - [OCR] Processor 初期化中...
2025-06-09 23:07:55,902 - INFO - [OCR] EasyOCR 初期化完了
2025-06-09 23:07:55,902 - INFO - [OCR] 処理開始
2025-06-09 23:07:56,302 - INFO - [OCR] 処理完了 - 0個のテキストブロック検出
2025-06-09 23:07:56,304 - INFO - [QUESTION] 疑問符検出完了 - 0個検出
2025-06-09 23:07:56,413 - INFO - [QUESTION] 疑問符検出開始
2025-06-09 23:07:56,415 - INFO - [OCR] Processor 初期化中...
2025-06-09 23:07:56,416 - INFO - [MAIN] キーボード割り込み - 終了中...
2025-06-09 23:07:56,419 - INFO - [MAIN] クリーンアップ開始
2025-06-09 23:07:56,446 - INFO - [CAMERA] カメラ解放完了
2025-06-09 23:21:37,375 - INFO - [MODEL] Manager 初期化中...
2025-06-09 23:21:37,375 - INFO - [GPU] Manager 初期化完了 - 総VRAM: 16384MB
2025-06-09 23:21:37,376 - INFO - [MODEL] Manager 初期化完了
2025-06-09 23:21:37,377 - INFO - [GPU] Manager 初期化完了 - 総VRAM: 16384MB
2025-06-09 23:21:55,675 - INFO - [MODEL] Manager 初期化中...
2025-06-09 23:21:55,676 - INFO - [GPU] Manager 初期化完了 - 総VRAM: 16384MB
2025-06-09 23:21:55,677 - INFO - [MODEL] Manager 初期化完了
2025-06-09 23:21:55,677 - INFO - [GPU] Manager 初期化完了 - 総VRAM: 16384MB
2025-06-09 23:21:56,310 - INFO - [MODEL] Manager 初期化中...
2025-06-09 23:21:56,312 - INFO - [GPU] Manager 初期化完了 - 総VRAM: 16384MB
2025-06-09 23:21:56,313 - INFO - [MODEL] Manager 初期化完了
2025-06-09 23:21:56,314 - INFO - [GPU] Manager 初期化完了 - 総VRAM: 16384MB
2025-06-09 23:21:56,333 - INFO - [MAIN] Homework Helper 初期化中...
2025-06-09 23:21:56,335 - INFO - [QUESTION] Detector 初期化完了
2025-06-09 23:21:56,335 - INFO - [AI] Tutor 初期化中...
2025-06-09 23:21:56,336 - INFO - [MODEL] Manager 初期化中...
2025-06-09 23:21:56,337 - INFO - [GPU] Manager 初期化完了 - 総VRAM: 16384MB
2025-06-09 23:21:56,337 - INFO - [MODEL] Manager 初期化完了
2025-06-09 23:21:56,338 - INFO - [OCR] Processor 初期化中...
2025-06-09 23:22:00,959 - INFO - [OCR] EasyOCR 初期化完了
2025-06-09 23:22:00,961 - INFO - [AI] Tutor 初期化完了
2025-06-09 23:22:00,962 - INFO - [VOICE] Generator 初期化完了
2025-06-09 23:22:00,962 - INFO - [VR] Communicator 初期化完了
2025-06-09 23:22:00,962 - INFO - [DISCORD] Bot 初期化完了
2025-06-09 23:22:00,963 - INFO - [MAIN] Homework Helper 初期化完了
